c:\users\lenovo\desktop\project1\project1\x64\debug\vc141.pdb
c:\users\lenovo\desktop\project1\project1\x64\debug\vc141.idb
c:\users\lenovo\desktop\project1\project1\x64\debug\wienerfilter.obj
c:\users\lenovo\desktop\project1\project1\x64\debug\source.obj
c:\users\lenovo\desktop\project1\project1\x64\debug\mnd.obj
c:\users\lenovo\desktop\project1\x64\debug\project1.exe
c:\users\lenovo\desktop\project1\x64\debug\project1.ilk
c:\users\lenovo\desktop\project1\x64\debug\project1.pdb
f:\mycompleted task\c++project\llp\project1\x64\debug\mnd.obj
f:\mycompleted task\c++project\llp\project1\x64\debug\source.obj
f:\mycompleted task\c++project\llp\project1\x64\debug\wienerfilter.obj
f:\mycompleted task\c++project\llp\project1\x64\debug\source.obj.enc
f:\mycompleted task\c++project\llp\project1\x64\debug\vc141.idb
f:\mycompleted task\c++project\llp\project1\x64\debug\vc141.pdb
f:\mycompleted task\c++project\llp\x64\debug\project1.pdb
f:\mycompleted task\c++project\llp\x64\debug\project1.exe
f:\mycompleted task\c++project\llp\x64\debug\project1.ilk
f:\mycompleted task\c++project\llp\project1\x64\debug\project1.tlog\cl.command.1.tlog
f:\mycompleted task\c++project\llp\project1\x64\debug\project1.tlog\cl.read.1.tlog
f:\mycompleted task\c++project\llp\project1\x64\debug\project1.tlog\cl.write.1.tlog
f:\mycompleted task\c++project\llp\project1\x64\debug\project1.tlog\link.command.1.tlog
f:\mycompleted task\c++project\llp\project1\x64\debug\project1.tlog\link.read.1.tlog
f:\mycompleted task\c++project\llp\project1\x64\debug\project1.tlog\link.write.1.tlog
